Apr 10 14:38:39 ObjectTools: [info] *****************************************************************
Apr 10 14:38:39 ObjectTools: [info]   ObjectTools
Apr 10 14:38:39 ObjectTools: [info] *****************************************************************
Apr 10 14:38:39 ObjectTools: [info] env: checking log level path: /Users/waynestewart/4D/Projects/nativeObjectTools/Logs/ObjectTools/log_level
Apr 10 14:38:39 ObjectTools: [info] env: found log level file: /Users/waynestewart/4D/Projects/nativeObjectTools/Logs/ObjectTools/log_level
Apr 10 14:38:39 ObjectTools: [info] env: read log level: "debug"
Apr 10 14:38:39 ObjectTools: [info] env: log level = debug
Apr 10 14:38:39 ObjectTools: [info] env: ICU version: 71.1
Apr 10 14:38:39 ObjectTools: [debug] env: looking for ICU data in plugin bundle
Apr 10 14:38:39 ObjectTools: [info] env: ICU data directory: /Users/waynestewart/4D/Projects/nativeObjectTools/Plugins/ObjectTools.bundle/Contents/Resources/
Apr 10 14:38:39 ObjectTools: [debug] env: macOS user locale: en_US@rg=auzzzz
Apr 10 14:38:39 ObjectTools: [info] env: ICU locale: en_US@rg=auzzzz - English (United States, Region For Supplemental Data=auzzzz)
Apr 10 14:38:39 ObjectTools: [info] env: ObjectTools 5.1r1 [Macintosh/Intel, release, 64-bit]
Apr 10 14:38:39 ObjectTools: [info] env: 4D v0x19.0.8r0 [Mono, interpreted, Unicode mode, macOS Version 15.7.4 (Build 24G517) (Intel, 64-bit)]
Apr 10 14:38:39 ObjectTools: [info] env: checked
Apr 10 14:38:42 ObjectTools: [info] plugin: successfully registered ObjectTools
Apr 10 14:38:42 ObjectTools: [info] plugin: successfully registered ObjectTools
Apr 10 14:38:42 ObjectTools: [error] OT GetLong: ObjectTools was given a reference to an invalid object. ("missing")
Apr 10 14:38:42 ObjectTools: [error] OT SizeOfArray: The item could not be found. ("missingArray")
Apr 10 14:38:42 ObjectTools: [error] OT CompareItems: The source and destination types don't match. ("scalar")
Apr 10 14:38:42 ObjectTools: [error] OT PutLong: An embedded item isn't an object. ("scalar.child")
Apr 10 14:38:42 ObjectTools: [error] OT DeleteItem: The item could not be found. ("missingDelete")
Apr 10 14:38:42 ObjectTools: [info] plugin: successfully registered ObjectTools
Apr 10 14:38:42 ObjectTools: [info] plugin: successfully registered ObjectTools
Apr 10 14:38:42 ObjectTools: [info] plugin: successfully registered ObjectTools
Apr 10 14:38:42 ObjectTools: [error] OT GetLong: ObjectTools was given a reference to an invalid object. ("missing")
Apr 10 14:38:42 ObjectTools: [error] OT GetArrayLong: The source and destination types don't match. ("scalar")
Apr 10 14:38:42 ObjectTools: [error] OT SizeOfArray: The item could not be found. ("missingArray")
Apr 10 14:38:42 ObjectTools: [error] OT CompareItems: The source and destination types don't match. ("scalar")
Apr 10 14:38:42 ObjectTools: [error] OT PutLong: An embedded item isn't an object. ("scalar.child")
Apr 10 14:38:42 ObjectTools: [error] OT DeleteItem: The item could not be found. ("missingDelete")
Apr 10 14:38:42 ObjectTools: [error] OT BLOBToObject: ObjectTools was given a reference to an invalid object.
Apr 10 14:38:42 ObjectTools: [error] OT GetVariable: The source and destination types don't match. ("varMixed")
Apr 10 14:38:42 ObjectTools: [error] OT ItemCount: ObjectTools was given a reference to an invalid object. ("")
Apr 10 14:38:45 ObjectTools: [info] env: ObjectTools shutdown

